<?xml version="1.0" encoding="UTF-8"?>
<testng-results ignored="0" total="3" passed="3" failed="0" skipped="0">
  <reporter-output>
  </reporter-output>
  <suite started-at="2022-04-05T16:11:42 IST" name="initsuit" finished-at="2022-04-05T16:12:34 IST" duration-ms="52707">
    <groups>
    </groups>
    <test started-at="2022-04-05T16:11:42 IST" name="HomePageTest" finished-at="2022-04-05T16:12:34 IST" duration-ms="52707">
      <class name="HomePageTest">
        <test-method is-config="true" signature="initsuit(java.lang.String)[pri:0, instance:HomePageTest@4a883b15]" started-at="2022-04-05T16:11:34 IST" name="initsuit" description="Performing Browser launching operation" finished-at="2022-04-05T16:11:42 IST" duration-ms="7712" status="PASS">
          <params>
            <param index="0">
              <value>
                <![CDATA[Chrome]]>
              </value>
            </param>
          </params>
          <reporter-output>
          </reporter-output>
        </test-method> <!-- initsuit -->
        <test-method is-config="true" signature="basics()[pri:0, instance:HomePageTest@4a883b15]" started-at="2022-04-05T16:11:42 IST" name="basics" description="Performing some essentials before tesing application" finished-at="2022-04-05T16:11:42 IST" duration-ms="730" status="PASS">
          <reporter-output>
          </reporter-output>
        </test-method> <!-- basics -->
        <test-method signature="enteringcredentials(java.lang.String,java.lang.String)[pri:1, instance:HomePageTest@4a883b15]" started-at="2022-04-05T16:11:44 IST" name="enteringcredentials" description="To Login Successfully" data-provider="LoginCredentials" finished-at="2022-04-05T16:11:52 IST" duration-ms="7961" status="PASS">
          <params>
            <param index="0">
              <value>
                <![CDATA[9552791457]]>
              </value>
            </param>
            <param index="1">
              <value>
                <![CDATA[Adinath@1234]]>
              </value>
            </param>
          </params>
          <reporter-output>
          </reporter-output>
        </test-method> <!-- enteringcredentials -->
        <test-method signature="AmzonOrderBooking()[pri:2, instance:HomePageTest@4a883b15]" started-at="2022-04-05T16:11:52 IST" name="AmzonOrderBooking" description="To order item successfully" finished-at="2022-04-05T16:12:25 IST" duration-ms="32214" status="PASS">
          <reporter-output>
          </reporter-output>
        </test-method> <!-- AmzonOrderBooking -->
        <test-method signature="SearchingItem(java.lang.String)[pri:3, instance:HomePageTest@4a883b15]" started-at="2022-04-05T16:12:25 IST" name="SearchingItem" data-provider="phonename" finished-at="2022-04-05T16:12:28 IST" duration-ms="3003" status="PASS">
          <params>
            <param index="0">
              <value>
                <![CDATA[iphone 13]]>
              </value>
            </param>
          </params>
          <reporter-output>
          </reporter-output>
        </test-method> <!-- SearchingItem -->
        <test-method is-config="true" signature="afterclass()[pri:0, instance:HomePageTest@4a883b15]" started-at="2022-04-05T16:12:28 IST" name="afterclass" finished-at="2022-04-05T16:12:34 IST" duration-ms="6803" status="PASS">
          <reporter-output>
          </reporter-output>
        </test-method> <!-- afterclass -->
        <test-method is-config="true" signature="teardown()[pri:0, instance:HomePageTest@4a883b15]" started-at="2022-04-05T16:12:34 IST" name="teardown" finished-at="2022-04-05T16:12:35 IST" duration-ms="163" status="PASS">
          <reporter-output>
          </reporter-output>
        </test-method> <!-- teardown -->
      </class> <!-- HomePageTest -->
    </test> <!-- HomePageTest -->
  </suite> <!-- initsuit -->
</testng-results>
