<?xml version="1.0" encoding="UTF-8"?>
<testng-results ignored="0" total="3" passed="3" failed="0" skipped="0">
  <reporter-output>
  </reporter-output>
  <suite started-at="2022-04-13T11:25:19 IST" name="initsuit" finished-at="2022-04-13T11:26:07 IST" duration-ms="48216">
    <groups>
    </groups>
    <test started-at="2022-04-13T11:25:19 IST" name="HomePageTest" finished-at="2022-04-13T11:26:07 IST" duration-ms="48216">
      <class name="HomePageTest">
        <test-method is-config="true" signature="initsuit(java.lang.String)[pri:0, instance:HomePageTest@41a0aa7d]" started-at="2022-04-13T11:25:17 IST" name="initsuit" description="Performing Browser launching operation" finished-at="2022-04-13T11:25:19 IST" duration-ms="1975" status="PASS">
          <params>
            <param index="0">
              <value>
                <![CDATA[Chrome]]>
              </value>
            </param>
          </params>
          <reporter-output>
          </reporter-output>
        </test-method> <!-- initsuit -->
        <test-method is-config="true" signature="basics()[pri:0, instance:HomePageTest@41a0aa7d]" started-at="2022-04-13T11:25:19 IST" name="basics" description="Performing some essentials before tesing application" finished-at="2022-04-13T11:25:26 IST" duration-ms="7188" status="PASS">
          <reporter-output>
          </reporter-output>
        </test-method> <!-- basics -->
        <test-method signature="enteringcredentials(java.lang.String,java.lang.String)[pri:1, instance:HomePageTest@41a0aa7d]" started-at="2022-04-13T11:25:27 IST" name="enteringcredentials" description="To Login Successfully" data-provider="LoginCredentials" finished-at="2022-04-13T11:25:31 IST" duration-ms="3470" status="PASS">
          <params>
            <param index="0">
              <value>
                <![CDATA[9552791457]]>
              </value>
            </param>
            <param index="1">
              <value>
                <![CDATA[Amazon@1234]]>
              </value>
            </param>
          </params>
          <reporter-output>
          </reporter-output>
        </test-method> <!-- enteringcredentials -->
        <test-method signature="AmzonOrderBooking()[pri:2, instance:HomePageTest@41a0aa7d]" started-at="2022-04-13T11:25:31 IST" name="AmzonOrderBooking" description="To order item successfully" finished-at="2022-04-13T11:25:47 IST" duration-ms="16030" status="PASS">
          <reporter-output>
          </reporter-output>
        </test-method> <!-- AmzonOrderBooking -->
        <test-method signature="SearchingItem(java.lang.String)[pri:3, instance:HomePageTest@41a0aa7d]" started-at="2022-04-13T11:25:47 IST" name="SearchingItem" data-provider="phonename" finished-at="2022-04-13T11:26:07 IST" duration-ms="20271" status="PASS">
          <params>
            <param index="0">
              <value>
                <![CDATA[iphone 13]]>
              </value>
            </param>
          </params>
          <reporter-output>
          </reporter-output>
        </test-method> <!-- SearchingItem -->
        <test-method is-config="true" signature="teardown()[pri:0, instance:HomePageTest@41a0aa7d]" started-at="2022-04-13T11:26:07 IST" name="teardown" finished-at="2022-04-13T11:26:07 IST" duration-ms="154" status="PASS">
          <reporter-output>
          </reporter-output>
        </test-method> <!-- teardown -->
      </class> <!-- HomePageTest -->
    </test> <!-- HomePageTest -->
  </suite> <!-- initsuit -->
</testng-results>
