<?xml version="1.0" encoding="UTF-8"?>
<!-- Generated by org.testng.reporters.JUnitXMLReporter -->
<testsuite ignored="0" hostname="aditya-HP-ProBook-640-G1" failures="0" tests="3" name="HomePageTest" time="48.216" errors="0" timestamp="2022-04-13T11:26:07 IST">
  <testcase classname="HomePageTest" name="enteringcredentials" time="3.47"/>
  <testcase classname="HomePageTest" name="AmzonOrderBooking" time="16.03"/>
  <testcase classname="HomePageTest" name="SearchingItem" time="20.271"/>
</testsuite> <!-- HomePageTest -->
