<?xml version="1.0" encoding="UTF-8"?>
<!-- Generated by org.testng.reporters.JUnitXMLReporter -->
<testsuite ignored="0" hostname="aditya-HP-ProBook-640-G1" failures="0" tests="3" name="HomePageTest" time="52.707" errors="0" timestamp="2022-04-05T16:12:34 IST">
  <testcase classname="HomePageTest" name="enteringcredentials" time="7.961"/>
  <testcase classname="HomePageTest" name="AmzonOrderBooking" time="32.214"/>
  <testcase classname="HomePageTest" name="SearchingItem" time="3.003"/>
</testsuite> <!-- HomePageTest -->
